Windows PowerShell
Copyright (C) Microsoft Corporation. All rights reserved.

Install the latest PowerShell for new features and improvements! https://aka.ms/PSWindows

(.venv1) PS C:\Users\VATSAL VARSHNEY\PycharmProjects\BOI V 4> python vatsal.py
ğŸš€ Starting BOI (Barely Obeys Instructions) Desktop Automation...
============================================================
2025-11-26 01:16:33.142 WARNING streamlit.runtime.scriptrunner_utils.script_run_context: Thread 'MainThread': missing ScriptRunContext! This warning can be ignored when running in bare mode.
2025-11-26 01:16:33.143 WARNING streamlit.runtime.scriptrunner_utils.script_run_context: Thread 'MainThread': missing ScriptRunContext! This warning can be ignored when running in bare mode.
2025-11-26 01:16:34.144 
  Warning: to view this Streamlit app on a browser, run it with the following
  command:

    streamlit run vatsal.py [ARGUMENTS]
2025-11-26 01:16:34.144 Thread 'MainThread': missing ScriptRunContext! This warning can be ignored when running in bare mode.
2025-11-26 01:16:34.144 Thread 'MainThread': missing ScriptRunContext! This warning can be ignored when running in bare mode.
2025-11-26 01:16:34.145 Thread 'MainThread': missing ScriptRunContext! This warning can be ignored when running in bare mode.
2025-11-26 01:16:34.145 Thread 'MainThread': missing ScriptRunContext! This warning can be ignored when running in bare mode.
2025-11-26 01:16:34.145 Thread 'MainThread': missing ScriptRunContext! This warning can be ignored when running in bare mode.
2025-11-26 01:16:34.146 Thread 'MainThread': missing ScriptRunContext! This warning can be ignored when running in bare mode.
2025-11-26 01:16:34.149 Thread 'MainThread': missing ScriptRunContext! This warning can be ignored when running in bare mode.
2025-11-26 01:16:34.149 Thread 'MainThread': missing ScriptRunContext! This warning can be ignored when running in bare mode.
2025-11-26 01:16:34.150 Thread 'MainThread': missing ScriptRunContext! This warning can be ignored when running in bare mode.
2025-11-26 01:16:34.150 Session state does not function when running a script without `streamlit run`
2025-11-26 01:16:34.150 Thread 'MainThread': missing ScriptRunContext! This warning can be ignored when running in bare mode.
2025-11-26 01:16:34.151 Thread 'MainThread': missing ScriptRunContext! This warning can be ignored when running in bare mode.
2025-11-26 01:16:34.151 Thread 'MainThread': missing ScriptRunContext! This warning can be ignored when running in bare mode.
2025-11-26 01:16:34.151 Thread 'MainThread': missing ScriptRunContext! This warning can be ignored when running in bare mode.
2025-11-26 01:16:34.151 Thread 'MainThread': missing ScriptRunContext! This warning can be ignored when running in bare mode.
2025-11-26 01:16:34.152 Thread 'MainThread': missing ScriptRunContext! This warning can be ignored when running in bare mode.
2025-11-26 01:16:34.153 Thread 'MainThread': missing ScriptRunContext! This warning can be ignored when running in bare mode.
2025-11-26 01:16:34.153 Thread 'MainThread': missing ScriptRunContext! This warning can be ignored when running in bare mode.
2025-11-26 01:16:34.153 Thread 'MainThread': missing ScriptRunContext! This warning can be ignored when running in bare mode.
2025-11-26 01:16:34.154 Thread 'MainThread': missing ScriptRunContext! This warning can be ignored when running in bare mode.
pygame 2.6.1 (SDL 2.28.4, Python 3.10.11)
Hello from the pygame community. https://www.pygame.org/contribute.html
2025-11-26 01:16:38.856767: I tensorflow/core/util/port.cc:153] oneDNN custom operations are on. You may see slightly different numerical results due to floating-point round-off errors from different computation orders. To turn them off, set the environment variable `TF_ENABLE_ONEDNN_OPTS=0`.
2025-11-26 01:16:41.713128: I tensorflow/core/util/port.cc:153] oneDNN custom operations are on. You may see slightly different numerical results due to floating-point round-off errors from different computation orders. To turn them off, set the environment variable `TF_ENABLE_ONEDNN_OPTS=0`.
âœ… Window icon loaded from: C:\Users\VATSAL VARSHNEY\PycharmProjects\BOI V 4\assets\vatsal_icon.png
ğŸ“± Phone Link Monitor initialized
ğŸ“± WhatsApp automation ready
ğŸ“§ Email Sender (DEMO MODE - credentials not configured)
ğŸ’¬ Communication Enhancements initialized
   âœ… 8 advanced features ready
ğŸµ Spotify API mode enabled
âš™ï¸ Windows 11 Settings Controller: Active
ğŸ§  Advanced Desktop RAG initialized
   ğŸ“Š Indexed files: 0
   ğŸ·ï¸  Tagged files: 0
   ğŸ”— File relationships: 0
ğŸ¤– AI Screen Suggester ready!
ğŸ“± Chat Monitor initialized
   âš ï¸  Gmail credentials not configured
   âš ï¸  Twilio credentials not configured
ğŸ“± Visual Chat Monitor initialized
   âœ… Will control real Gmail/WhatsApp on your screen
ğŸ‘ï¸ Smart Screen Monitor initialized
ğŸ”Š Feature Speaker: ACTIVE

======================================================================
ğŸŒŸ INITIALIZING FUTURE-TECH CORE ğŸŒŸ
======================================================================
ğŸ§  Loading Multi-Modal AI...
ğŸ§  Multi-Modal AI System initialized
ğŸ“Š Loading Behavioral Learning...
ğŸ”® Loading Predictive Actions...
ğŸ”® Predictive Actions Engine initialized
ğŸ’¾ Loading Enhanced Memory...
ğŸ§  Enhanced Contextual Memory initialized
ğŸ‘ï¸ Loading Screen Monitoring...
ğŸš€ AI Screen Monitoring System initialized
   âœ¨ 8 AI analysis modes available
   ğŸ“Š Analytics tracking enabled
   ğŸ§  Pattern learning active
âœ… Future-Tech Core Initialized!
======================================================================

ğŸŒŸ Future-Tech Core: ACTIVE
âš™ï¸ Command Executor initialized with full automation suite
   ğŸ¤– Persona Service: Active
   ğŸ§  Desktop RAG: Active
   ğŸ’¬ Communication Enhancements: Active
   ğŸ® GUI Automation: Active
   ğŸ“Š 40+ Modules Loaded
âœ… Self-Operating Computer initialized
âœ… Comprehensive Desktop Controller initialized
âœ… Command Parser initialized
ğŸ¯ Task Coordinator initialized
âœ… Enhanced Command Executor initialized with self-operating support
âœ… Enhanced Command Executor initialized
ğŸš€ Advanced Smart Screen Monitor initialized
   âœ¨ Enhanced with multi-modal AI intelligence
ğŸš€ AI Screen Monitoring System initialized
   âœ¨ 8 AI analysis modes available
   ğŸ“Š Analytics tracking enabled
   ğŸ§  Pattern learning active
ğŸ“ File Automation System initialized
ğŸ”Š Feature Speaker initialized
ğŸ”§ Initializing automation capabilities...
ğŸ“± Phone Link Monitor initialized
ğŸ“± WhatsApp automation ready
ğŸ“§ Email Sender (DEMO MODE - credentials not configured)
ğŸ’¬ Communication Enhancements initialized
   âœ… 8 advanced features ready
ğŸµ Spotify API mode enabled
âš™ï¸ Windows 11 Settings Controller: Active
ğŸ§  Advanced Desktop RAG initialized
   ğŸ“Š Indexed files: 0
   ğŸ·ï¸  Tagged files: 0
   ğŸ”— File relationships: 0
ğŸ¤– AI Screen Suggester ready!
ğŸ“± Chat Monitor initialized
   âš ï¸  Gmail credentials not configured
   âš ï¸  Twilio credentials not configured
ğŸ“± Visual Chat Monitor initialized
   âœ… Will control real Gmail/WhatsApp on your screen
ğŸ‘ï¸ Smart Screen Monitor initialized
ğŸ”Š Feature Speaker: ACTIVE

======================================================================
ğŸŒŸ INITIALIZING FUTURE-TECH CORE ğŸŒŸ
======================================================================
ğŸ§  Loading Multi-Modal AI...
ğŸ§  Multi-Modal AI System initialized
ğŸ“Š Loading Behavioral Learning...
ğŸ”® Loading Predictive Actions...
ğŸ”® Predictive Actions Engine initialized
ğŸ’¾ Loading Enhanced Memory...
ğŸ§  Enhanced Contextual Memory initialized
ğŸ‘ï¸ Loading Screen Monitoring...
ğŸš€ AI Screen Monitoring System initialized
   âœ¨ 8 AI analysis modes available
   ğŸ“Š Analytics tracking enabled
   ğŸ§  Pattern learning active
âœ… Future-Tech Core Initialized!
======================================================================

ğŸŒŸ Future-Tech Core: ACTIVE
âš™ï¸ Command Executor initialized with full automation suite
   ğŸ¤– Persona Service: Active
   ğŸ§  Desktop RAG: Active
   ğŸ’¬ Communication Enhancements: Active
   ğŸ® GUI Automation: Active
   ğŸ“Š 40+ Modules Loaded
ğŸ§  Initializing emotional intelligence...
ğŸ¯ Initializing common sense reasoning...
âœ… Self-Operating Computer initialized
âœ… Comprehensive Desktop Controller initialized
âœ… Command Parser initialized
âœ… WebSocket client connected
âœ… Voice sound effects initialized
âœ… Created default sound effects in voice_sounds/
ğŸ”Š Voice sound effects ready!
WARNING: All log messages before absl::InitializeLog() is called are written to STDERR
W0000 00:00:1764100009.220322    7160 gesture_recognizer_graph.cc:129] Hand Gesture Recognizer contains CPU only ops. Sets HandGestureRecognizerGraph acceleration to Xnnpack.
I0000 00:00:1764100009.230780    7160 hand_gesture_recognizer_graph.cc:250] Custom gesture classifier is not defined.
INFO: Created TensorFlow Lite XNNPACK delegate for CPU.
âœ… MediaPipe gesture recognizer loaded
   Available gestures: ['FIST', 'OPEN_PALM', 'ONE_FINGER_UP', 'THUMBS_DOWN', 'THUMBS_UP', 'PEACE_SIGN', 'ROCK_SIGN']
âœ… MediaPipe pretrained model loaded
   Gestures: ['FIST', 'OPEN_PALM', 'ONE_FINGER_UP', 'THUMBS_DOWN', 'THUMBS_UP', 'PEACE_SIGN', 'ROCK_SIGN', 'SPOCK', 'OK_CIRCLE', 'PINCH']

======================================================================
âš ï¸  CUSTOM TRAINED GESTURES NOT FOUND
======================================================================
   Expected model files at:
   - biometric_data/hands\models\gesture_model.pkl
   - biometric_data/hands\models\gesture_scaler.pkl
   - biometric_data/hands\models\gesture_labels.pkl

   Missing files: gesture_model.pkl, gesture_scaler.pkl, gesture_labels.pkl

   ğŸ“ To train custom gestures:
      1. Run: python train_hand_gestures.py
      2. Capture samples for each gesture (50+ recommended)
      3. Train the model
      4. Restart the gesture detector

   â„¹ï¸  Currently using:
      âœ… MediaPipe pretrained gestures (7 gestures)
      âœ… Hardcoded finger-counting gestures
======================================================================


======================================================================
ğŸ¯ GESTURE DETECTION SYSTEM - AVAILABLE GESTURES
======================================================================

ğŸ“± MediaPipe Pretrained Gestures (10 gestures):
   âœ… NO TRAINING REQUIRED - Works instantly!
   â€¢ FIST
   â€¢ OPEN_PALM
   â€¢ ONE_FINGER_UP
   â€¢ THUMBS_DOWN
   â€¢ THUMBS_UP
   â€¢ PEACE_SIGN
   â€¢ ROCK_SIGN
   â€¢ SPOCK
   â€¢ OK_CIRCLE
   â€¢ PINCH

ğŸ“ Custom Trained Gestures:
   âŒ NOT CONFIGURED
   â„¹ï¸  Run 'python train_hand_gestures.py' on local machine to train
   ğŸ“ Recommended: Train 10+ custom gestures for best accuracy

ğŸ‘† Hardcoded Finger-Counting Gestures (4 gestures):
   âœ… Always available (fallback method)
   â€¢ OPEN_PALM
   â€¢ FIST
   â€¢ PEACE_SIGN
   â€¢ THUMBS_UP

ğŸ“Š Total Configured Gestures: 4
======================================================================

ğŸ“± Phone Link Monitor initialized
ğŸ“± WhatsApp automation ready
ğŸ“§ Email Sender (DEMO MODE - credentials not configured)
ğŸ’¬ Communication Enhancements initialized
   âœ… 8 advanced features ready
ğŸµ Spotify API mode enabled
âš™ï¸ Windows 11 Settings Controller: Active
ğŸ§  Advanced Desktop RAG initialized
   ğŸ“Š Indexed files: 0
   ğŸ·ï¸  Tagged files: 0
   ğŸ”— File relationships: 0
ğŸ¤– AI Screen Suggester ready!
ğŸ“± Chat Monitor initialized
   âš ï¸  Gmail credentials not configured
   âš ï¸  Twilio credentials not configured
ğŸ“± Visual Chat Monitor initialized
   âœ… Will control real Gmail/WhatsApp on your screen
ğŸ‘ï¸ Smart Screen Monitor initialized
ğŸ”Š Feature Speaker: ACTIVE

======================================================================
ğŸŒŸ INITIALIZING FUTURE-TECH CORE ğŸŒŸ
======================================================================
ğŸ§  Loading Multi-Modal AI...
ğŸ§  Multi-Modal AI System initialized
ğŸ“Š Loading Behavioral Learning...
ğŸ”® Loading Predictive Actions...
ğŸ”® Predictive Actions Engine initialized
ğŸ’¾ Loading Enhanced Memory...
ğŸ§  Enhanced Contextual Memory initialized
ğŸ‘ï¸ Loading Screen Monitoring...
ğŸš€ AI Screen Monitoring System initialized
   âœ¨ 8 AI analysis modes available
   ğŸ“Š Analytics tracking enabled
   ğŸ§  Pattern learning active
âœ… Future-Tech Core Initialized!
======================================================================

ğŸŒŸ Future-Tech Core: ACTIVE
âš™ï¸ Command Executor initialized with full automation suite
   ğŸ¤– Persona Service: Active
   ğŸ§  Desktop RAG: Active
   ğŸ’¬ Communication Enhancements: Active
   ğŸ® GUI Automation: Active
   ğŸ“Š 40+ Modules Loaded
âœ… AI Engine Ready (Google Gemini 1.5 Flash)
âœ… Phone Link Controller initialized
âš ï¸ Security dashboard unavailable: module 'cv2.face' has no attribute 'LBPHFaceRecognizer_create'

============================================================
ğŸš€ DESKTOP SYNC MANAGER - AUTO STARTUP
============================================================

ğŸ“Š Startup Sequence Results:
------------------------------------------------------------
âœ… Setup Desktop Structure: SUCCESS
   Total folders: 6
âŒ Prepare Batch File: FAILED
   Batch file 'desktop_file_controller.bat' not found!
      Current directory: C:\Users\VATSAL VARSHNEY\PycharmProjects\BOI V 4
      Script directory: C:\Users\VATSAL VARSHNEY\PycharmProjects\BOI V 4\modules\file_management
      Looking for: C:\Users\VATSAL VARSHNEY\PycharmProjects\BOI V 4\modules\file_management\desktop_file_controller.bat
      ğŸ’¡ Please download 'desktop_file_controller.bat' from Replit
         and place it in: C:\Users\VATSAL VARSHNEY\PycharmProjects\BOI V 4\modules\file_management
âœ… Create Desktop Structure: SUCCESS
   Total folders: 7

============================================================
âš ï¸  Some steps had issues. Check details above.
============================================================

âš ï¸ Automation Orchestrator unavailable: name 'AutomationOrchestrator' is not defined
âœ… Batch Utilities initialized
âš ï¸ WebSocket Client connection failed: HTTPConnectionPool(host='localhost', port=5000): Max retries exceeded with url: /socket.io/?transport=polling&EIO=4&t=1764100009.1749558 (Caused by NewConnectionError('<urllib3.connection.HTTPConnection object at 0x00000230E18A8310>: Failed to establish a new connection: [WinError 10061] No connection could be made because the target machine actively refused it'))

ğŸ“‹ Task: Respond to the user's greeting.
Exception in Tkinter callback
Traceback (most recent call last):
  File "C:\Users\VATSAL VARSHNEY\PycharmProjects\BOI V 4\modules\core\gui_app.py", line 528, in speak_output
    self.print_output("ğŸ”Š Speaking output...", "success")
AttributeError: 'ModernBOIGUI' object has no attribute 'print_output'

During handling of the above exception, another exception occurred:

Traceback (most recent call last):
  File "C:\Users\VATSAL VARSHNEY\AppData\Local\Programs\Python\Python310\lib\tkinter\__init__.py", line 1921, in __call__
    return self.func(*args)
  File "C:\Users\VATSAL VARSHNEY\PycharmProjects\BOI V 4\modules\core\gui_app.py", line 532, in speak_output
    self.print_output(f"Error speaking: {e}", "error")
AttributeError: 'ModernBOIGUI' object has no attribute 'print_output'
(.venv1) PS C:\Users\VATSAL VARSHNEY\PycharmProjects\BOI V 4> 